<?xml version="1.0" encoding="UTF-8"?>
<!-- Generated by org.testng.reporters.JUnitXMLReporter -->
<testsuite ignored="0" hostname="Milans-MacBook-Air.local" failures="0" tests="2" name="Surefire test" time="47.184" errors="0" timestamp="2025-05-09T00:07:57 IST">
  <testcase classname="io.cucumber.testng.AbstractTestNGCucumberTests" name="runScenario" time="15.006"/>
  <testcase classname="io.cucumber.testng.AbstractTestNGCucumberTests" name="runScenario" time="31.818"/>
</testsuite> <!-- Surefire test -->
