<?xml version="1.0" encoding="UTF-8"?>
<testng-results ignored="0" total="2" passed="2" failed="0" skipped="0">
  <reporter-output>
  </reporter-output>
  <suite started-at="2025-05-09T00:07:05 IST" name="Surefire suite" finished-at="2025-05-09T00:07:52 IST" duration-ms="47184">
    <groups>
      <group name="cucumber">
        <method signature="AbstractTestNGCucumberTests.runScenario(io.cucumber.testng.PickleWrapper,io.cucumber.testng.FeatureWrapper)[pri:0, instance:com.assignment.runner.TestRunner@147ed70f]" name="runScenario" class="io.cucumber.testng.AbstractTestNGCucumberTests"/>
      </group> <!-- cucumber -->
    </groups>
    <test started-at="2025-05-09T00:07:05 IST" name="Surefire test" finished-at="2025-05-09T00:07:52 IST" duration-ms="47184">
      <class name="com.assignment.runner.TestRunner">
        <test-method is-config="true" signature="setUpClass(org.testng.ITestContext)[pri:0, instance:com.assignment.runner.TestRunner@147ed70f]" started-at="2025-05-09T00:07:05 IST" name="setUpClass" finished-at="2025-05-09T00:07:05 IST" duration-ms="317" status="PASS">
          <params>
            <param index="0">
              <value>
                <![CDATA[org.testng.TestRunner@608cd501]]>
              </value>
            </param>
          </params>
          <reporter-output>
          </reporter-output>
        </test-method> <!-- setUpClass -->
        <test-method signature="runScenario(io.cucumber.testng.PickleWrapper,io.cucumber.testng.FeatureWrapper)[pri:0, instance:com.assignment.runner.TestRunner@147ed70f]" started-at="2025-05-09T00:07:05 IST" name="runScenario" description="Runs Cucumber Scenarios" data-provider="scenarios" finished-at="2025-05-09T00:07:20 IST" duration-ms="15006" status="PASS">
          <params>
            <param index="0">
              <value>
                <![CDATA["Validate sorting by price - Low to High"]]>
              </value>
            </param>
            <param index="1">
              <value>
                <![CDATA["Validate Sort functionality for products displayed"]]>
              </value>
            </param>
          </params>
          <reporter-output>
          </reporter-output>
        </test-method> <!-- runScenario -->
        <test-method signature="runScenario(io.cucumber.testng.PickleWrapper,io.cucumber.testng.FeatureWrapper)[pri:0, instance:com.assignment.runner.TestRunner@147ed70f]" started-at="2025-05-09T00:07:20 IST" name="runScenario" description="Runs Cucumber Scenarios" data-provider="scenarios" finished-at="2025-05-09T00:07:52 IST" duration-ms="31818" status="PASS">
          <params>
            <param index="0">
              <value>
                <![CDATA["Validate total sum in cart page"]]>
              </value>
            </param>
            <param index="1">
              <value>
                <![CDATA["Add to Cart Functionality"]]>
              </value>
            </param>
          </params>
          <reporter-output>
          </reporter-output>
        </test-method> <!-- runScenario -->
        <test-method is-config="true" signature="tearDownClass()[pri:0, instance:com.assignment.runner.TestRunner@147ed70f]" started-at="2025-05-09T00:07:52 IST" name="tearDownClass" finished-at="2025-05-09T00:07:52 IST" duration-ms="22" status="PASS">
          <reporter-output>
          </reporter-output>
        </test-method> <!-- tearDownClass -->
        <test-method is-config="true" signature="cleanUp()[pri:0, instance:com.assignment.runner.TestRunner@147ed70f]" started-at="2025-05-09T00:07:57 IST" name="cleanUp" finished-at="2025-05-09T00:07:57 IST" duration-ms="167" status="PASS">
          <reporter-output>
          </reporter-output>
        </test-method> <!-- cleanUp -->
      </class> <!-- com.assignment.runner.TestRunner -->
    </test> <!-- Surefire test -->
  </suite> <!-- Surefire suite -->
</testng-results>
